Excerpt from log file

[30Jul2023 01:51:51.590] [Server thread/ERROR] [net.minecraft.util.thread.BlockableEventLoop/FATAL]: Error executing task on Chunk source main thread executor for minecraft:overworld
net.minecraft.ReportedException: Feature placement
	at net.minecraft.server.level.ChunkMap.m_214912_(ChunkMap.java:634) ~[server-1.19.2-20220805.130853-srg.jar%23579!/:?]
	at net.minecraft.util.thread.BlockableEventLoop.m_6367_(BlockableEventLoop.java:157) ~[server-1.19.2-20220805.130853-srg.jar%23579!/:?]
	at net.minecraft.server.level.ServerChunkCache$MainThreadExecutor.m_6367_(ServerChunkCache.java:535) ~[server-1.19.2-20220805.130853-srg.jar%23579!/:?]
	at net.minecraft.util.thread.BlockableEventLoop.m_7245_(BlockableEventLoop.java:131) ~[server-1.19.2-20220805.130853-srg.jar%23579!/:?]
	at net.minecraft.server.level.ServerChunkCache$MainThreadExecutor.m_7245_(ServerChunkCache.java:543) ~[server-1.19.2-20220805.130853-srg.jar%23579!/:?]
	at net.minecraft.server.level.ServerChunkCache.m_8466_(ServerChunkCache.java:267) ~[server-1.19.2-20220805.130853-srg.jar%23579!/:?]
	at net.minecraft.server.MinecraftServer.m_129961_(MinecraftServer.java:751) ~[server-1.19.2-20220805.130853-srg.jar%23579!/:?]
	at net.minecraft.server.MinecraftServer.m_7245_(MinecraftServer.java:740) ~[server-1.19.2-20220805.130853-srg.jar%23579!/:?]
	at net.minecraft.util.thread.BlockableEventLoop.m_18699_(BlockableEventLoop.java:116) ~[server-1.19.2-20220805.130853-srg.jar%23579!/:?]
	at net.minecraft.server.MinecraftServer.m_130012_(MinecraftServer.java:725) ~[server-1.19.2-20220805.130853-srg.jar%23579!/:?]
	at net.minecraft.server.MinecraftServer.m_130011_(MinecraftServer.java:658) ~[server-1.19.2-20220805.130853-srg.jar%23579!/:?]
	at net.minecraft.server.MinecraftServer.m_206580_(MinecraftServer.java:244) ~[server-1.19.2-20220805.130853-srg.jar%23579!/:?]
	at java.lang.Thread.run(Thread.java:833) [?:?]
Caused by: java.lang.IllegalArgumentException: Bound must be positive
	at net.minecraft.world.level.levelgen.XoroshiroRandomSource.m_188503_(XoroshiroRandomSource.java:53) ~[server-1.19.2-20220805.130853-srg.jar%23579!/:?]
	at com.teamabnormals.neapolitan.common.levelgen.feature.BananaPlantFeature.spawnChimps(BananaPlantFeature.java:131) ~[neapolitan-1.19.2-4.0.2.jar%23493!/:4.0.2]
	at com.teamabnormals.neapolitan.common.levelgen.feature.BananaPlantFeature.m_142674_(BananaPlantFeature.java:100) ~[neapolitan-1.19.2-4.0.2.jar%23493!/:4.0.2]
	at net.minecraft.world.level.levelgen.feature.Feature.m_225028_(Feature.java:154) ~[server-1.19.2-20220805.130853-srg.jar%23579!/:?]
	at net.minecraft.world.level.levelgen.feature.ConfiguredFeature.m_224953_(ConfiguredFeature.java:27) ~[server-1.19.2-20220805.130853-srg.jar%23579!/:?]
	at net.minecraft.world.level.levelgen.placement.PlacedFeature.m_226362_(PlacedFeature.java:56) ~[server-1.19.2-20220805.130853-srg.jar%23579!/:?]
	at java.util.stream.ForEachOps$ForEachOp$OfRef.accept(ForEachOps.java:183) ~[?:?]
	at java.util.stream.Streams$StreamBuilderImpl.forEachRemaining(Streams.java:411) ~[?:?]
	at java.util.stream.ReferencePipeline$Head.forEach(ReferencePipeline.java:762) ~[?:?]
	at java.util.stream.ReferencePipeline$7$1.accept(ReferencePipeline.java:276) ~[?:?]
	at java.util.stream.Streams$StreamBuilderImpl.forEachRemaining(Streams.java:411) ~[?:?]
	at java.util.stream.ReferencePipeline$Head.forEach(ReferencePipeline.java:762) ~[?:?]
	at java.util.stream.ReferencePipeline$7$1.accept(ReferencePipeline.java:276) ~[?:?]
	at java.util.stream.Streams$StreamBuilderImpl.forEachRemaining(Streams.java:411) ~[?:?]
	at java.util.stream.ReferencePipeline$Head.forEach(ReferencePipeline.java:762) ~[?:?]
	at java.util.stream.ReferencePipeline$7$1.accept(ReferencePipeline.java:276) ~[?:?]
	at java.util.stream.ForEachOps$ForEachOp$OfRef.accept(ForEachOps.java:183) ~[?:?]
	at java.util.stream.IntPipeline$1$1.accept(IntPipeline.java:180) ~[?:?]
	at java.util.stream.Streams$RangeIntSpliterator.forEachRemaining(Streams.java:104) ~[?:?]
	at java.util.Spliterator$OfInt.forEachRemaining(Spliterator.java:711) ~[?:?]
	at java.util.stream.AbstractPipeline.copyInto(AbstractPipeline.java:509) ~[?:?]
	at java.util.stream.AbstractPipeline.wrapAndCopyInto(AbstractPipeline.java:499) ~[?:?]
	at java.util.stream.ForEachOps$ForEachOp.evaluateSequential(ForEachOps.java:150) ~[?:?]
	at java.util.stream.ForEachOps$ForEachOp$OfRef.evaluateSequential(ForEachOps.java:173) ~[?:?]
	at java.util.stream.AbstractPipeline.evaluate(AbstractPipeline.java:234) ~[?:?]
	at java.util.stream.ReferencePipeline.forEach(ReferencePipeline.java:596) ~[?:?]
	at java.util.stream.ReferencePipeline$7$1.accept(ReferencePipeline.java:276) ~[?:?]
	at java.util.stream.Streams$StreamBuilderImpl.forEachRemaining(Streams.java:411) ~[?:?]
	at java.util.stream.AbstractPipeline.copyInto(AbstractPipeline.java:509) ~[?:?]
	at java.util.stream.AbstractPipeline.wrapAndCopyInto(AbstractPipeline.java:499) ~[?:?]
	at java.util.stream.ForEachOps$ForEachOp.evaluateSequential(ForEachOps.java:150) ~[?:?]
	at java.util.stream.ForEachOps$ForEachOp$OfRef.evaluateSequential(ForEachOps.java:173) ~[?:?]
	at java.util.stream.AbstractPipeline.evaluate(AbstractPipeline.java:234) ~[?:?]
	at java.util.stream.ReferencePipeline.forEach(ReferencePipeline.java:596) ~[?:?]
	at net.minecraft.world.level.levelgen.placement.PlacedFeature.m_226368_(PlacedFeature.java:55) ~[server-1.19.2-20220805.130853-srg.jar%23579!/:?]
	at net.minecraft.world.level.levelgen.placement.PlacedFeature.m_226377_(PlacedFeature.java:44) ~[server-1.19.2-20220805.130853-srg.jar%23579!/:?]
	at net.minecraft.world.level.chunk.ChunkGenerator.m_213609_(ChunkGenerator.java:466) ~[server-1.19.2-20220805.130853-srg.jar%23579!/:?]
	at net.minecraft.world.level.chunk.ChunkStatus.m_223313_(ChunkStatus.java:145) ~[server-1.19.2-20220805.130853-srg.jar%23579!/:?]
	at net.minecraft.world.level.chunk.ChunkStatus.mda253b8$lambda$injectLightmapSetup$1$4(ChunkStatus.java:546) ~[server-1.19.2-20220805.130853-srg.jar%23579!/:?]
	at net.minecraft.world.level.chunk.ChunkStatus.m_223279_(ChunkStatus.java:292) ~[server-1.19.2-20220805.130853-srg.jar%23579!/:?]
	at net.minecraft.server.level.ChunkMap.lambda$scheduleChunkGeneration$25(ChunkMap.java:621) ~[server-1.19.2-20220805.130853-srg.jar%23579!/:?]
	at com.mojang.datafixers.util.Either$Left.map(Either.java:38) ~[datafixerupper-5.0.28.jar%2375!/:?]
	at net.minecraft.server.level.ChunkMap.lambda$scheduleChunkGeneration$27(ChunkMap.java:619) ~[server-1.19.2-20220805.130853-srg.jar%23579!/:?]
	at java.util.concurrent.CompletableFuture$UniCompose.tryFire(CompletableFuture.java:1150) ~[?:?]
	at java.util.concurrent.CompletableFuture$Completion.run(CompletableFuture.java:482) ~[?:?]
	at net.minecraft.server.level.ChunkTaskPriorityQueueSorter.m_143188_(ChunkTaskPriorityQueueSorter.java:62) ~[server-1.19.2-20220805.130853-srg.jar%23579!/:?]
	at net.minecraft.util.thread.ProcessorMailbox.m_18759_(ProcessorMailbox.java:91) ~[server-1.19.2-20220805.130853-srg.jar%23579!/:?]
	at net.minecraft.util.thread.ProcessorMailbox.m_18747_(ProcessorMailbox.java:146) ~[server-1.19.2-20220805.130853-srg.jar%23579!/:?]
	at net.minecraft.util.thread.ProcessorMailbox.run(ProcessorMailbox.java:102) ~[server-1.19.2-20220805.130853-srg.jar%23579!/:?]
	at java.util.concurrent.ForkJoinTask$RunnableExecuteAction.exec(ForkJoinTask.java:1395) ~[?:?]
	at java.util.concurrent.ForkJoinTask.doExec(ForkJoinTask.java:373) ~[?:?]
	at java.util.concurrent.ForkJoinPool$WorkQueue.topLevelExec(ForkJoinPool.java:1182) ~[?:?]
	at java.util.concurrent.ForkJoinPool.scan(ForkJoinPool.java:1655) ~[?:?]
	at java.util.concurrent.ForkJoinPool.runWorker(ForkJoinPool.java:1622) ~[?:?]
	at java.util.concurrent.ForkJoinWorkerThread.run(ForkJoinWorkerThread.java:165) ~[?:?]
